<?xml version="1.0" encoding="utf-8"?><testsuites name="pytest tests"><testsuite name="pytest" errors="0" failures="0" skipped="0" tests="7" time="1.658" timestamp="2026-09-23T21:15:55.460158+00:00" hostname="agent-env-7da64e43-4c61-49fa-b0fc-40d0f9088fc2"><testcase classname="tests.test_race_and_invite.TestReferrals" name="test_referral_count_increments_on_code_owner" time="0.571" /><testcase classname="tests.test_race_and_invite.TestRaceBoard" name="test_race_board_sorted_by_week_xp_not_total" time="0.515" /><testcase classname="tests.test_race_and_invite.TestReferrals" name="test_cannot_add_own_code" time="0.212" /><testcase classname="tests.test_race_and_invite.TestRaceBoard" name="test_friends_response_shape" time="0.278" /><testcase classname="tests.test_race_and_invite.TestPushEndpoints" name="test_notify_returns_ok_false_with_placeholder_key" time="0.364" /><testcase classname="tests.test_race_and_invite.TestRaceBoard" name="test_squad_xp_total" time="0.412" /><testcase classname="tests.test_race_and_invite.TestPushEndpoints" name="test_register_push_returns_error_without_crash" time="0.164" /></testsuite></testsuites>